<?xml version="1.0" encoding="UTF-8" standalone="no"?><testsuite errors="0" failures="1" name="org.example.SerenityWithRestAssuredDemo.tests.EmployeesTest" skipped="0" tests="2" time="5.39" timestamp="2022-10-20 02:31:20"><testcase classname="org.example.SerenityWithRestAssuredDemo.tests.EmployeesTest" name="Get User"/><testcase classname="org.example.SerenityWithRestAssuredDemo.tests.EmployeesTest" name="Create User"><failure message="1 expectation failed.&#10;Expected status code &lt;200&gt; but was &lt;429&gt;.&#10;" type="java.lang.AssertionError">1 expectation failed.
Expected status code &lt;200&gt; but was &lt;429&gt;.
</failure><system-err>1 expectation failed.
Expected status code &lt;200&gt; but was &lt;429&gt;.

io.restassured.internal.ResponseSpecificationImpl.validateResponseIfRequired(ResponseSpecificationImpl.groovy:696)
io.restassured.internal.ResponseSpecificationImpl.this$2$validateResponseIfRequired(ResponseSpecificationImpl.groovy)
io.restassured.internal.ResponseSpecificationImpl.statusCode(ResponseSpecificationImpl.groovy:135)
io.restassured.internal.ResponseSpecificationImpl.statusCode(ResponseSpecificationImpl.groovy:143)
io.restassured.internal.ValidatableResponseOptionsImpl.statusCode(ValidatableResponseOptionsImpl.java:89)
org.example.SerenityWithRestAssuredDemo.steps.EmployeeSteps.lambda$verifyStatusCode$0(EmployeeSteps.java:41)
net.serenitybdd.rest.SerenityRest.restAssuredThat(SerenityRest.java:626)
org.example.SerenityWithRestAssuredDemo.steps.EmployeeSteps.verifyStatusCode(EmployeeSteps.java:41)
org.example.SerenityWithRestAssuredDemo.tests.EmployeesTest.createValidUser(EmployeesTest.java:37)
</system-err></testcase></testsuite>